  gl_core_3_3.c
  main.cpp
C:\Code\github_repo\Shuqi Liao_Assignment1\base_freeglut(2)\base_freeglut\main.cpp(225,21): warning C4267: '=': conversion from 'size_t' to 'GLsizei', possible loss of data
C:\Code\github_repo\Shuqi Liao_Assignment1\base_freeglut(2)\base_freeglut\main.cpp(374,8): warning C4244: 'initializing': conversion from 'T' to 'int', possible loss of data
          with
          [
              T=float
          ]
C:\Code\github_repo\Shuqi Liao_Assignment1\base_freeglut(2)\base_freeglut\main.cpp(375,8): warning C4244: 'initializing': conversion from 'T' to 'int', possible loss of data
          with
          [
              T=float
          ]
C:\Code\github_repo\Shuqi Liao_Assignment1\base_freeglut(2)\base_freeglut\main.cpp(376,8): warning C4244: 'initializing': conversion from 'T' to 'int', possible loss of data
          with
          [
              T=float
          ]
C:\Code\github_repo\Shuqi Liao_Assignment1\base_freeglut(2)\base_freeglut\main.cpp(418,8): warning C4244: '=': conversion from 'double' to 'int', possible loss of data
C:\Code\github_repo\Shuqi Liao_Assignment1\base_freeglut(2)\base_freeglut\main.cpp(419,8): warning C4244: '=': conversion from 'double' to 'int', possible loss of data
C:\Code\github_repo\Shuqi Liao_Assignment1\base_freeglut(2)\base_freeglut\main.cpp(429,32): warning C4018: '<': signed/unsigned mismatch
C:\Code\github_repo\Shuqi Liao_Assignment1\base_freeglut(2)\base_freeglut\main.cpp(429,72): warning C4018: '<': signed/unsigned mismatch
  mesh.cpp
C:\Code\github_repo\Shuqi Liao_Assignment1\base_freeglut(2)\base_freeglut\mesh.cpp(119,26): warning C4267: '=': conversion from 'size_t' to 'GLsizei', possible loss of data
C:\Code\github_repo\Shuqi Liao_Assignment1\base_freeglut(2)\base_freeglut\mesh.cpp(152,21): warning C4267: 'return': conversion from 'size_t' to 'int', possible loss of data
C:\Code\github_repo\Shuqi Liao_Assignment1\base_freeglut(2)\base_freeglut\mesh.cpp(155,2): warning C4267: 'initializing': conversion from 'size_t' to 'int', possible loss of data
  util.cpp
C:\Code\github_repo\Shuqi Liao_Assignment1\base_freeglut(2)\base_freeglut\util.cpp(20,32): warning C4267: 'initializing': conversion from 'size_t' to 'GLint', possible loss of data
  Generating code
  1209 of 1230 functions (98.3%) were compiled, the rest were copied from previous compilation.
    13 functions were new in current compilation
    2 functions had inline decision re-evaluated but remain unchanged
  Finished generating code
  base_freeglut.vcxproj -> C:\Code\github_repo\Shuqi Liao_Assignment1\base_freeglut(2)\base_freeglut\x64\Release\base_freeglut.exe
